<?xml version="1.0" encoding="UTF-8"?>
<!-- Generated by org.testng.reporters.JUnitXMLReporter -->
<testsuite ignored="0" hostname="jorge_alco" failures="1" tests="1" name="TC003" time="4.889" errors="0" timestamp="2024-10-28T19:53:57 CST">
  <testcase classname="com.parabank.TC_001_LoginUser_POM" name="TC_001_LoginUser_POM_TestScript" time="2.905">
    <failure type="java.lang.AssertionError" message="Not able to Assert Actual value:  Expected Value: Nick Bosa">
      <![CDATA[java.lang.AssertionError: Not able to Assert Actual value:  Expected Value: Nick Bosa
at com.parabank.base.SeleniumWrapper.assertEquals(SeleniumWrapper.java:183)
at com.parabank.index.Login.validateNewUser(Login.java:42)
at com.parabank.TC_001_LoginUser_POM.TC_001_LoginUser_POM_TestScript(TC_001_LoginUser_POM.java:47)
at java.base/java.util.ArrayList.forEach(ArrayList.java:1511)
at java.base/java.util.concurrent.FutureTask.run(FutureTask.java:264)
at java.base/java.util.concurrent.ThreadPoolExecutor.runWorker(ThreadPoolExecutor.java:1136)
at java.base/java.util.concurrent.ThreadPoolExecutor$Worker.run(ThreadPoolExecutor.java:635)
at java.base/java.lang.Thread.run(Thread.java:833)
... Removed 18 stack frames]]>
    </failure>
  </testcase> <!-- TC_001_LoginUser_POM_TestScript -->
</testsuite> <!-- TC003 -->
