<?xml version="1.0" encoding="UTF-8"?>
<!-- Generated by org.testng.reporters.JUnitReportReporter -->
<testsuite hostname="jorge_alco" failures="0" tests="2" name="com.parabank.TC_002_RegisterUser_POM" time="1.151" errors="1" timestamp="2024-11-19T23:29:29 CST" skipped="1">
  <testcase classname="com.parabank.TC_002_RegisterUser_POM" name="beforeTest" time="1.151">
    <error message="session not created: This version of ChromeDriver only supports Chrome version 129
Current browser version is 131.0.6778.85 with binary path C:\Program Files\Google\Chrome\Application\chrome.exe
Build info: version: &#039;3.14.0&#039;, revision: &#039;aacccce0&#039;, time: &#039;2018-08-02T20:19:58.91Z&#039;
System info: host: &#039;JORGE_ALCO&#039;, ip: &#039;192.168.0.8&#039;, os.name: &#039;Windows 10&#039;, os.arch: &#039;amd64&#039;, os.version: &#039;10.0&#039;, java.version: &#039;17.0.1&#039;
Driver info: driver.version: ChromeDriver
remote stacktrace: 	GetHandleVerifier [0x00007FF74B5FB095+29557]
	(No symbol) [0x00007FF74B56FA50]
	(No symbol) [0x00007FF74B42B56A]
	(No symbol) [0x00007FF74B46DDF7]
	(No symbol) [0x00007FF74B46CE8B]
	(No symbol) [0x00007FF74B4679AE]
	(No symbol) [0x00007FF74B46251E]
	(No symbol) [0x00007FF74B4B2F90]
	(No symbol) [0x00007FF74B4B2620]
	(No symbol) [0x00007FF74B4A6F33]
	(No symbol) [0x00007FF74B47116F]
	(No symbol) [0x00007FF74B4722D1]
	GetHandleVerifier [0x00007FF74B92C96D+3378253]
	GetHandleVerifier [0x00007FF74B978497+3688311]
	GetHandleVerifier [0x00007FF74B96D1CB+3642539]
	GetHandleVerifier [0x00007FF74B6BA6B6+813462]
	(No symbol) [0x00007FF74B57AB5F]
	(No symbol) [0x00007FF74B576B74]
	(No symbol) [0x00007FF74B576D10]
	(No symbol) [0x00007FF74B565C1F]
	BaseThreadInitThunk [0x00007FFA3E11259D+29]
	RtlUserThreadStart [0x00007FFA3E74AF38+40]
" type="org.openqa.selenium.SessionNotCreatedException">
      <![CDATA[org.openqa.selenium.SessionNotCreatedException: session not created: This version of ChromeDriver only supports Chrome version 129
Current browser version is 131.0.6778.85 with binary path C:\Program Files\Google\Chrome\Application\chrome.exe
Build info: version: '3.14.0', revision: 'aacccce0', time: '2018-08-02T20:19:58.91Z'
System info: host: 'JORGE_ALCO', ip: '192.168.0.8', os.name: 'Windows 10', os.arch: 'amd64', os.version: '10.0', java.version: '17.0.1'
Driver info: driver.version: ChromeDriver
remote stacktrace: GetHandleVerifier [0x00007FF74B5FB095+29557]
(No symbol) [0x00007FF74B56FA50]
(No symbol) [0x00007FF74B42B56A]
(No symbol) [0x00007FF74B46DDF7]
(No symbol) [0x00007FF74B46CE8B]
(No symbol) [0x00007FF74B4679AE]
(No symbol) [0x00007FF74B46251E]
(No symbol) [0x00007FF74B4B2F90]
(No symbol) [0x00007FF74B4B2620]
(No symbol) [0x00007FF74B4A6F33]
(No symbol) [0x00007FF74B47116F]
(No symbol) [0x00007FF74B4722D1]
GetHandleVerifier [0x00007FF74B92C96D+3378253]
GetHandleVerifier [0x00007FF74B978497+3688311]
GetHandleVerifier [0x00007FF74B96D1CB+3642539]
GetHandleVerifier [0x00007FF74B6BA6B6+813462]
(No symbol) [0x00007FF74B57AB5F]
(No symbol) [0x00007FF74B576B74]
(No symbol) [0x00007FF74B576D10]
(No symbol) [0x00007FF74B565C1F]
BaseThreadInitThunk [0x00007FFA3E11259D+29]
RtlUserThreadStart [0x00007FFA3E74AF38+40]

at java.base/jdk.internal.reflect.NativeConstructorAccessorImpl.newInstance0(Native Method)
at java.base/jdk.internal.reflect.NativeConstructorAccessorImpl.newInstance(NativeConstructorAccessorImpl.java:77)
at java.base/jdk.internal.reflect.DelegatingConstructorAccessorImpl.newInstance(DelegatingConstructorAccessorImpl.java:45)
at java.base/java.lang.reflect.Constructor.newInstanceWithCaller(Constructor.java:499)
at java.base/java.lang.reflect.Constructor.newInstance(Constructor.java:480)
at org.openqa.selenium.remote.W3CHandshakeResponse.lambda$new$0(W3CHandshakeResponse.java:57)
at org.openqa.selenium.remote.W3CHandshakeResponse.lambda$getResponseFunction$2(W3CHandshakeResponse.java:104)
at org.openqa.selenium.remote.ProtocolHandshake.lambda$createSession$0(ProtocolHandshake.java:122)
at java.base/java.util.stream.ReferencePipeline$3$1.accept(ReferencePipeline.java:197)
at java.base/java.util.Spliterators$ArraySpliterator.tryAdvance(Spliterators.java:1002)
at java.base/java.util.stream.ReferencePipeline.forEachWithCancel(ReferencePipeline.java:129)
at java.base/java.util.stream.AbstractPipeline.copyIntoWithCancel(AbstractPipeline.java:527)
at java.base/java.util.stream.AbstractPipeline.copyInto(AbstractPipeline.java:513)
at java.base/java.util.stream.AbstractPipeline.wrapAndCopyInto(AbstractPipeline.java:499)
at java.base/java.util.stream.FindOps$FindOp.evaluateSequential(FindOps.java:150)
at java.base/java.util.stream.AbstractPipeline.evaluate(AbstractPipeline.java:234)
at java.base/java.util.stream.ReferencePipeline.findFirst(ReferencePipeline.java:647)
at org.openqa.selenium.remote.ProtocolHandshake.createSession(ProtocolHandshake.java:125)
at org.openqa.selenium.remote.ProtocolHandshake.createSession(ProtocolHandshake.java:73)
at org.openqa.selenium.remote.HttpCommandExecutor.execute(HttpCommandExecutor.java:136)
at org.openqa.selenium.remote.service.DriverCommandExecutor.execute(DriverCommandExecutor.java:83)
at org.openqa.selenium.remote.RemoteWebDriver.execute(RemoteWebDriver.java:548)
at org.openqa.selenium.remote.RemoteWebDriver.startSession(RemoteWebDriver.java:212)
at org.openqa.selenium.remote.RemoteWebDriver.<init>(RemoteWebDriver.java:130)
at org.openqa.selenium.chrome.ChromeDriver.<init>(ChromeDriver.java:181)
at org.openqa.selenium.chrome.ChromeDriver.<init>(ChromeDriver.java:168)
at org.openqa.selenium.chrome.ChromeDriver.<init>(ChromeDriver.java:123)
at com.parabank.base.SeleniumWrapper.chromeDriverConnection(SeleniumWrapper.java:60)
at com.parabank.TC_002_RegisterUser_POM.beforeTest(TC_002_RegisterUser_POM.java:27)
at java.base/jdk.internal.reflect.NativeMethodAccessorImpl.invoke0(Native Method)
at java.base/jdk.internal.reflect.NativeMethodAccessorImpl.invoke(NativeMethodAccessorImpl.java:77)
at java.base/jdk.internal.reflect.DelegatingMethodAccessorImpl.invoke(DelegatingMethodAccessorImpl.java:43)
at java.base/java.lang.reflect.Method.invoke(Method.java:568)
at org.testng.internal.invokers.MethodInvocationHelper.invokeMethod(MethodInvocationHelper.java:141)
at org.testng.internal.invokers.MethodInvocationHelper.invokeMethodConsideringTimeout(MethodInvocationHelper.java:71)
at org.testng.internal.invokers.ConfigInvoker.invokeConfigurationMethod(ConfigInvoker.java:400)
at org.testng.internal.invokers.ConfigInvoker.invokeConfigurations(ConfigInvoker.java:333)
at org.testng.TestRunner.invokeTestConfigurations(TestRunner.java:655)
at org.testng.TestRunner.beforeRun(TestRunner.java:644)
at org.testng.TestRunner.run(TestRunner.java:610)
at org.testng.SuiteRunner.runTest(SuiteRunner.java:421)
at org.testng.SuiteRunner.runSequentially(SuiteRunner.java:413)
at org.testng.SuiteRunner.privateRun(SuiteRunner.java:373)
at org.testng.SuiteRunner.run(SuiteRunner.java:312)
at org.testng.SuiteRunnerWorker.runSuite(SuiteRunnerWorker.java:52)
at org.testng.SuiteRunnerWorker.run(SuiteRunnerWorker.java:95)
at org.testng.TestNG.runSuitesSequentially(TestNG.java:1274)
at org.testng.TestNG.runSuitesLocally(TestNG.java:1208)
at org.testng.TestNG.runSuites(TestNG.java:1112)
at org.testng.TestNG.run(TestNG.java:1079)
at org.testng.remote.AbstractRemoteTestNG.run(AbstractRemoteTestNG.java:115)
at org.testng.remote.RemoteTestNG.initAndRun(RemoteTestNG.java:293)
at org.testng.remote.RemoteTestNG.main(RemoteTestNG.java:91)
]]>
    </error>
  </testcase> <!-- beforeTest -->
  <testcase classname="com.parabank.TC_002_RegisterUser_POM" name="TC_002_RegisterUser_POM_TestScript" time="0.000">
    <skipped/>
  </testcase> <!-- TC_002_RegisterUser_POM_TestScript -->
</testsuite> <!-- com.parabank.TC_002_RegisterUser_POM -->
